<?xml version="1.0" encoding="UTF-8"?>
<!-- Generated by org.testng.reporters.JUnitReportReporter -->
<testsuite hostname="IN-OLX-PF2SH88V" failures="0" tests="6" name="testCases.TC_003_LoginDDT" time="48.296" errors="0" timestamp="2024-07-10T23:35:45 IST" skipped="0">
  <testcase classname="testCases.TC_003_LoginDDT" name="verify_loginDDT" time="4.547"/>
  <testcase classname="testCases.TC_003_LoginDDT" name="verify_loginDDT" time="14.002"/>
  <testcase classname="testCases.TC_003_LoginDDT" name="verify_loginDDT" time="4.506"/>
  <testcase classname="testCases.TC_003_LoginDDT" name="verify_loginDDT" time="5.789"/>
  <testcase classname="testCases.TC_003_LoginDDT" name="verify_loginDDT" time="5.505"/>
  <testcase classname="testCases.TC_003_LoginDDT" name="verify_loginDDT" time="13.947"/>
</testsuite> <!-- testCases.TC_003_LoginDDT -->
