<?xml version="1.0" encoding="UTF-8"?>
<!-- Generated by org.testng.reporters.JUnitReportReporter -->
<testsuite hostname="IN-OLX-PF2SH88V" failures="0" tests="1" name="testCases.TC_001_AccountRegistrationTest" time="3.311" errors="0" timestamp="2024-07-23T16:38:31 IST" skipped="0">
  <testcase classname="testCases.TC_001_AccountRegistrationTest" name="verify_account_registration" time="3.311"/>
</testsuite> <!-- testCases.TC_001_AccountRegistrationTest -->
