<?xml version="1.0" encoding="UTF-8"?>
<!-- Generated by org.testng.reporters.JUnitReportReporter -->
<testsuite hostname="IN-OLX-PF2SH88V" failures="0" tests="1" name="testCases.TC_002_LoginTest" time="1.470" errors="0" timestamp="2024-07-23T16:09:58 IST" skipped="0">
  <testcase classname="testCases.TC_002_LoginTest" name="verify_Login" time="1.470"/>
</testsuite> <!-- testCases.TC_002_LoginTest -->
