<?xml version="1.0" encoding="UTF-8"?>
<!-- Generated by org.testng.reporters.JUnitReportReporter -->
<testsuite hostname="IN-OLX-PF2SH88V" failures="0" tests="1" name="testCases.TC_002_LoginTest" time="2.392" errors="0" timestamp="2024-07-23T16:38:31 IST" skipped="0">
  <testcase classname="testCases.TC_002_LoginTest" name="verify_Login" time="2.392"/>
</testsuite> <!-- testCases.TC_002_LoginTest -->
